<?xml version="1.0" encoding="UTF-8"?>
<!-- Generated by org.testng.reporters.JUnitXMLReporter -->
<testsuite hostname="Margo-THINK" ignored="0" name="Default test" tests="3" failures="0" timestamp="13 Kov 2018 12:08:14 GMT" time="6.671" errors="0">
  <testcase name="loginAsDoctor" time="0.733" classname="sps.auto.testai.FR_3"/>
  <testcase name="addMedicalRecord" time="1.997" classname="sps.auto.testai.FR_3"/>
  <testcase name="addMedicalRecord" time="1.588" classname="sps.auto.testai.FR_3"/>
</testsuite> <!-- Default test -->
