<?xml version="1.0" encoding="UTF-8"?>
<!-- Generated by org.testng.reporters.JUnitXMLReporter -->
<testsuite hostname="Margo-THINK" ignored="0" name="Default test" tests="5" failures="0" timestamp="11 Kov 2018 00:42:22 GMT" time="8.604" errors="0">
  <testcase name="loginAsDoctor" time="0.584" classname="sps.auto.testai.FR_4"/>
  <testcase name="addPrescription" time="1.673" classname="sps.auto.testai.FR_4"/>
  <testcase name="addPrescription" time="1.408" classname="sps.auto.testai.FR_4"/>
  <testcase name="addPrescription" time="1.479" classname="sps.auto.testai.FR_4"/>
  <testcase name="addPrescription" time="1.072" classname="sps.auto.testai.FR_4"/>
</testsuite> <!-- Default test -->
