<?xml version="1.0" encoding="UTF-8"?>
<!-- Generated by org.testng.reporters.JUnitXMLReporter -->
<testsuite hostname="Margo-THINK" ignored="0" name="Smoking" tests="20" failures="0" timestamp="13 Kov 2018 20:20:39 GMT" time="26.793" errors="0">
  <testcase name="loginAsAdmin" time="1.262" classname="sps.auto.testai.FR_1"/>
  <testcase name="addUserAdministratorius" time="1.272" classname="sps.auto.testai.FR_1"/>
  <testcase name="addUserAdministratorius" time="1.206" classname="sps.auto.testai.FR_1"/>
  <testcase name="addUserGydytojas" time="1.498" classname="sps.auto.testai.FR_1"/>
  <testcase name="addUserGydytojas" time="1.436" classname="sps.auto.testai.FR_1"/>
  <testcase name="addUserGydytojas" time="1.242" classname="sps.auto.testai.FR_1"/>
  <testcase name="addUserPacientas" time="1.486" classname="sps.auto.testai.FR_1"/>
  <testcase name="addUserPacientas" time="1.316" classname="sps.auto.testai.FR_1"/>
  <testcase name="addUserVaistininkas" time="1.34" classname="sps.auto.testai.FR_1"/>
  <testcase name="addUserVaistininkas" time="1.328" classname="sps.auto.testai.FR_1"/>
  <testcase name="AssigningPatientToDoctor" time="0.636" classname="sps.auto.testai.FR_1"/>
  <testcase name="loginAsDoctor" time="0.691" classname="sps.auto.testai.FR_3"/>
  <testcase name="addMedicalRecord" time="1.778" classname="sps.auto.testai.FR_3"/>
  <testcase name="addMedicalRecord" time="1.549" classname="sps.auto.testai.FR_3"/>
  <testcase name="loginAsDoctor" time="0.523" classname="sps.auto.testai.FR_4"/>
  <testcase name="addPrescription" time="1.715" classname="sps.auto.testai.FR_4"/>
  <testcase name="addPrescription" time="1.805" classname="sps.auto.testai.FR_4"/>
  <testcase name="changePassword" time="2.18" classname="sps.auto.testai.FR_13"/>
  <testcase name="changePassword" time="1.762" classname="sps.auto.testai.FR_13"/>
  <testcase name="CloseDriver" time="0.691" classname="sps.auto.testai.FR_13"/>
</testsuite> <!-- Smoking -->
