<?xml version="1.0" encoding="UTF-8"?>
<!-- Generated by org.testng.reporters.JUnitXMLReporter -->
<testsuite hostname="Margo-THINK" ignored="0" name="Regression" tests="6" failures="0" timestamp="13 Kov 2018 11:37:04 GMT" time="0.058" errors="0">
  <testcase name="@BeforeClass setup" time="0.0" classname="sps.auto.testai.FR_3">
    <failure type="org.openqa.selenium.NoSuchSessionException" message="Session ID is null. Using WebDriver after calling quit()?
Build info: version: &amp;apos;3.6.0&amp;apos;, revision: &amp;apos;6fbf3ec767&amp;apos;, time: &amp;apos;2017-09-27T15:28:36.4Z&amp;apos;
System info: host: &amp;apos;MARGO-THINK&amp;apos;, ip: &amp;apos;192.168.1.179&amp;apos;, os.name: &amp;apos;Windows 10&amp;apos;, os.arch: &amp;apos;amd64&amp;apos;, os.version: &amp;apos;10.0&amp;apos;, java.version: &amp;apos;1.8.0_151&amp;apos;
Driver info: driver.version: RemoteWebDriver">
      <![CDATA[org.openqa.selenium.NoSuchSessionException: Session ID is null. Using WebDriver after calling quit()?
Build info: version: '3.6.0', revision: '6fbf3ec767', time: '2017-09-27T15:28:36.4Z'
System info: host: 'MARGO-THINK', ip: '192.168.1.179', os.name: 'Windows 10', os.arch: 'amd64', os.version: '10.0', java.version: '1.8.0_151'
Driver info: driver.version: RemoteWebDriver
	at org.openqa.selenium.remote.HttpCommandExecutor.execute(HttpCommandExecutor.java:131)
	at org.openqa.selenium.remote.service.DriverCommandExecutor.execute(DriverCommandExecutor.java:83)
	at org.openqa.selenium.remote.RemoteWebDriver.execute(RemoteWebDriver.java:586)
	at org.openqa.selenium.remote.RemoteWebDriver.execute(RemoteWebDriver.java:643)
	at org.openqa.selenium.remote.RemoteWebDriver$RemoteWebDriverOptions$RemoteWindow.maximize(RemoteWebDriver.java:877)
	at sps.auto.testai.FR_3.setup(FR_3.java:26)
... Removed 25 stack frames]]>
    </failure>
  </testcase> <!-- @BeforeClass setup -->
  <testcase name="@BeforeClass setup" time="0.001" classname="sps.auto.testai.FR_4">
    <failure type="org.openqa.selenium.NoSuchSessionException" message="Session ID is null. Using WebDriver after calling quit()?
Build info: version: &amp;apos;3.6.0&amp;apos;, revision: &amp;apos;6fbf3ec767&amp;apos;, time: &amp;apos;2017-09-27T15:28:36.4Z&amp;apos;
System info: host: &amp;apos;MARGO-THINK&amp;apos;, ip: &amp;apos;192.168.1.179&amp;apos;, os.name: &amp;apos;Windows 10&amp;apos;, os.arch: &amp;apos;amd64&amp;apos;, os.version: &amp;apos;10.0&amp;apos;, java.version: &amp;apos;1.8.0_151&amp;apos;
Driver info: driver.version: RemoteWebDriver">
      <![CDATA[org.openqa.selenium.NoSuchSessionException: Session ID is null. Using WebDriver after calling quit()?
Build info: version: '3.6.0', revision: '6fbf3ec767', time: '2017-09-27T15:28:36.4Z'
System info: host: 'MARGO-THINK', ip: '192.168.1.179', os.name: 'Windows 10', os.arch: 'amd64', os.version: '10.0', java.version: '1.8.0_151'
Driver info: driver.version: RemoteWebDriver
	at org.openqa.selenium.remote.HttpCommandExecutor.execute(HttpCommandExecutor.java:131)
	at org.openqa.selenium.remote.service.DriverCommandExecutor.execute(DriverCommandExecutor.java:83)
	at org.openqa.selenium.remote.RemoteWebDriver.execute(RemoteWebDriver.java:586)
	at org.openqa.selenium.remote.RemoteWebDriver.execute(RemoteWebDriver.java:643)
	at org.openqa.selenium.remote.RemoteWebDriver$RemoteWebDriverOptions$RemoteWindow.maximize(RemoteWebDriver.java:877)
	at sps.auto.testai.FR_4.setup(FR_4.java:26)
... Removed 25 stack frames]]>
    </failure>
  </testcase> <!-- @BeforeClass setup -->
  <testcase name="@AfterClass closeBrowser" time="0.0" classname="sps.auto.testai.FR_3">
    <skipped/>
  </testcase> <!-- @AfterClass closeBrowser -->
  <testcase name="@AfterClass closeBrowser" time="0.0" classname="sps.auto.testai.FR_4">
    <skipped/>
  </testcase> <!-- @AfterClass closeBrowser -->
  <testcase name="loginAsDoctor" time="0.001" classname="sps.auto.testai.FR_3">
    <skipped/>
  </testcase> <!-- loginAsDoctor -->
  <testcase name="loginAsDoctor" time="0.0" classname="sps.auto.testai.FR_4">
    <skipped/>
  </testcase> <!-- loginAsDoctor -->
  <testcase name="addMedicalRecord" time="0.0" classname="sps.auto.testai.FR_3">
    <skipped/>
  </testcase> <!-- addMedicalRecord -->
  <testcase name="addMedicalRecord" time="0.0" classname="sps.auto.testai.FR_3">
    <skipped/>
  </testcase> <!-- addMedicalRecord -->
  <testcase name="addPrescription" time="0.0" classname="sps.auto.testai.FR_4">
    <skipped/>
  </testcase> <!-- addPrescription -->
  <testcase name="addPrescription" time="0.0" classname="sps.auto.testai.FR_4">
    <skipped/>
  </testcase> <!-- addPrescription -->
</testsuite> <!-- Regression -->
