<?xml version="1.0" encoding="UTF-8"?>
<!-- Generated by org.testng.reporters.JUnitXMLReporter -->
<testsuite hostname="Margo-THINK" ignored="2" name="Regression(failed)" tests="2" failures="0" timestamp="13 Kov 2018 20:12:34 GMT" time="1.072" errors="0">
  <testcase name="loginAsDoctor" time="0.564" classname="sps.auto.testai.FR_3"/>
  <testcase name="loginAsDoctor" time="0.485" classname="sps.auto.testai.FR_4"/>
  <testcase name="addMedicalRecord" time="0.0" classname="sps.auto.testai.FR_3">
    <ignored/>
  </testcase> <!-- addMedicalRecord -->
  <testcase name="addPrescription" time="0.0" classname="sps.auto.testai.FR_4">
    <ignored/>
  </testcase> <!-- addPrescription -->
</testsuite> <!-- Regression(failed) -->
