<?xml version="1.0" encoding="UTF-8"?>
<testng-results skipped="0" failed="0" ignored="0" total="5" passed="5">
  <reporter-output>
  </reporter-output>
  <suite name="Default suite" duration-ms="10033" started-at="2018-03-09T10:29:00Z" finished-at="2018-03-09T10:29:10Z">
    <groups>
    </groups>
    <test name="Default test" duration-ms="10033" started-at="2018-03-09T10:29:00Z" finished-at="2018-03-09T10:29:10Z">
      <class name="sps.auto.testai.fr4">
        <test-method status="PASS" signature="setup()[pri:0, instance:sps.auto.testai.fr4@48bb62]" name="setup" is-config="true" duration-ms="4255" started-at="2018-03-09T12:29:00Z" finished-at="2018-03-09T12:29:04Z">
          <reporter-output>
          </reporter-output>
        </test-method> <!-- setup -->
        <test-method status="PASS" signature="loginAsDoctor()[pri:1, instance:sps.auto.testai.fr4@48bb62]" name="loginAsDoctor" duration-ms="1938" started-at="2018-03-09T12:29:04Z" finished-at="2018-03-09T12:29:06Z">
          <reporter-output>
          </reporter-output>
        </test-method> <!-- loginAsDoctor -->
        <test-method status="PASS" signature="addPrescription(java.lang.String, java.lang.String, java.lang.String, java.lang.String, java.lang.String, java.lang.String, java.lang.String)[pri:2, instance:sps.auto.testai.fr4@48bb62]" name="addPrescription" duration-ms="1141" started-at="2018-03-09T12:29:06Z" data-provider="Prescription" finished-at="2018-03-09T12:29:07Z">
          <params>
            <param index="0">
              <value>
                <![CDATA[48201012255]]>
              </value>
            </param>
            <param index="1">
              <value>
                <![CDATA[Paracetamolis]]>
              </value>
            </param>
            <param index="2">
              <value>
                <![CDATA[3]]>
              </value>
            </param>
            <param index="3">
              <value>
                <![CDATA[Mikrogramai]]>
              </value>
            </param>
            <param index="4">
              <value>
                <![CDATA[Vartoti vakere]]>
              </value>
            </param>
            <param index="5">
              <value>
                <![CDATA[Petras]]>
              </value>
            </param>
            <param index="6">
              <value>
                <![CDATA[2019-01-01]]>
              </value>
            </param>
          </params>
          <reporter-output>
          </reporter-output>
        </test-method> <!-- addPrescription -->
        <test-method status="PASS" signature="addPrescription(java.lang.String, java.lang.String, java.lang.String, java.lang.String, java.lang.String, java.lang.String, java.lang.String)[pri:2, instance:sps.auto.testai.fr4@48bb62]" name="addPrescription" duration-ms="834" started-at="2018-03-09T12:29:07Z" data-provider="Prescription" finished-at="2018-03-09T12:29:08Z">
          <params>
            <param index="0">
              <value>
                <![CDATA[37902027788]]>
              </value>
            </param>
            <param index="1">
              <value>
                <![CDATA[Citramonas]]>
              </value>
            </param>
            <param index="2">
              <value>
                <![CDATA[5]]>
              </value>
            </param>
            <param index="3">
              <value>
                <![CDATA[Mikrogramai]]>
              </value>
            </param>
            <param index="4">
              <value>
                <![CDATA[Vartoti prieš valgį]]>
              </value>
            </param>
            <param index="5">
              <value>
                <![CDATA[Juozas]]>
              </value>
            </param>
            <param index="6">
              <value>
                <![CDATA[2018-05-05]]>
              </value>
            </param>
          </params>
          <reporter-output>
          </reporter-output>
        </test-method> <!-- addPrescription -->
        <test-method status="PASS" signature="addPrescription(java.lang.String, java.lang.String, java.lang.String, java.lang.String, java.lang.String, java.lang.String, java.lang.String)[pri:2, instance:sps.auto.testai.fr4@48bb62]" name="addPrescription" duration-ms="653" started-at="2018-03-09T12:29:08Z" data-provider="Prescription" finished-at="2018-03-09T12:29:09Z">
          <params>
            <param index="0">
              <value>
                <![CDATA[38106069999]]>
              </value>
            </param>
            <param index="1">
              <value>
                <![CDATA[Brontex]]>
              </value>
            </param>
            <param index="2">
              <value>
                <![CDATA[7]]>
              </value>
            </param>
            <param index="3">
              <value>
                <![CDATA[Miligramai]]>
              </value>
            </param>
            <param index="4">
              <value>
                <![CDATA[Vartoti vakare po valgio]]>
              </value>
            </param>
            <param index="5">
              <value>
                <![CDATA[Lukas]]>
              </value>
            </param>
            <param index="6">
              <value>
                <![CDATA[2018-09-09]]>
              </value>
            </param>
          </params>
          <reporter-output>
          </reporter-output>
        </test-method> <!-- addPrescription -->
        <test-method status="PASS" signature="addPrescription(java.lang.String, java.lang.String, java.lang.String, java.lang.String, java.lang.String, java.lang.String, java.lang.String)[pri:2, instance:sps.auto.testai.fr4@48bb62]" name="addPrescription" duration-ms="658" started-at="2018-03-09T12:29:09Z" data-provider="Prescription" finished-at="2018-03-09T12:29:09Z">
          <params>
            <param index="0">
              <value>
                <![CDATA[38007072222]]>
              </value>
            </param>
            <param index="1">
              <value>
                <![CDATA[Bronhexin]]>
              </value>
            </param>
            <param index="2">
              <value>
                <![CDATA[4]]>
              </value>
            </param>
            <param index="3">
              <value>
                <![CDATA[Miligramai]]>
              </value>
            </param>
            <param index="4">
              <value>
                <![CDATA[Vartoti vakare po valgio]]>
              </value>
            </param>
            <param index="5">
              <value>
                <![CDATA[Lukas]]>
              </value>
            </param>
            <param index="6">
              <value>
                <![CDATA[2018-05-09]]>
              </value>
            </param>
          </params>
          <reporter-output>
          </reporter-output>
        </test-method> <!-- addPrescription -->
        <test-method status="PASS" signature="closeBrowser()[pri:0, instance:sps.auto.testai.fr4@48bb62]" name="closeBrowser" is-config="true" duration-ms="508" started-at="2018-03-09T12:29:09Z" finished-at="2018-03-09T12:29:10Z">
          <reporter-output>
          </reporter-output>
        </test-method> <!-- closeBrowser -->
      </class> <!-- sps.auto.testai.fr4 -->
    </test> <!-- Default test -->
  </suite> <!-- Default suite -->
</testng-results>
