<?xml version="1.0" encoding="UTF-8"?>
<testng-results skipped="0" failed="0" ignored="0" total="4" passed="4">
  <reporter-output>
  </reporter-output>
  <suite name="Default suite" duration-ms="16658" started-at="2018-03-12T01:26:54Z" finished-at="2018-03-12T01:27:11Z">
    <groups>
    </groups>
    <test name="Default test" duration-ms="16658" started-at="2018-03-12T01:26:54Z" finished-at="2018-03-12T01:27:11Z">
      <class name="sps.auto.testai.FR_13">
        <test-method status="PASS" signature="setup()[pri:0, instance:sps.auto.testai.FR_13@48075da3]" name="setup" is-config="true" duration-ms="1502" started-at="2018-03-12T03:26:54Z" finished-at="2018-03-12T03:26:56Z">
          <reporter-output>
          </reporter-output>
        </test-method> <!-- setup -->
        <test-method status="PASS" signature="changePassword(java.lang.String, java.lang.String, java.lang.String)[pri:1, instance:sps.auto.testai.FR_13@48075da3]" name="changePassword" duration-ms="3775" started-at="2018-03-12T03:26:56Z" data-provider="ChangePassword" finished-at="2018-03-12T03:27:00Z">
          <params>
            <param index="0">
              <value>
                <![CDATA[adminjonas]]>
              </value>
            </param>
            <param index="1">
              <value>
                <![CDATA[passjonas]]>
              </value>
            </param>
            <param index="2">
              <value>
                <![CDATA[jonaschangepass]]>
              </value>
            </param>
          </params>
          <reporter-output>
          </reporter-output>
        </test-method> <!-- changePassword -->
        <test-method status="PASS" signature="changePassword(java.lang.String, java.lang.String, java.lang.String)[pri:1, instance:sps.auto.testai.FR_13@48075da3]" name="changePassword" duration-ms="3617" started-at="2018-03-12T03:27:00Z" data-provider="ChangePassword" finished-at="2018-03-12T03:27:03Z">
          <params>
            <param index="0">
              <value>
                <![CDATA[docotorignas]]>
              </value>
            </param>
            <param index="1">
              <value>
                <![CDATA[docignas]]>
              </value>
            </param>
            <param index="2">
              <value>
                <![CDATA[ignaschangepass]]>
              </value>
            </param>
          </params>
          <reporter-output>
          </reporter-output>
        </test-method> <!-- changePassword -->
        <test-method status="PASS" signature="changePassword(java.lang.String, java.lang.String, java.lang.String)[pri:1, instance:sps.auto.testai.FR_13@48075da3]" name="changePassword" duration-ms="3531" started-at="2018-03-12T03:27:03Z" data-provider="ChangePassword" finished-at="2018-03-12T03:27:07Z">
          <params>
            <param index="0">
              <value>
                <![CDATA[patientrimas]]>
              </value>
            </param>
            <param index="1">
              <value>
                <![CDATA[patrimas]]>
              </value>
            </param>
            <param index="2">
              <value>
                <![CDATA[rimaschangepass]]>
              </value>
            </param>
          </params>
          <reporter-output>
          </reporter-output>
        </test-method> <!-- changePassword -->
        <test-method status="PASS" signature="changePassword(java.lang.String, java.lang.String, java.lang.String)[pri:1, instance:sps.auto.testai.FR_13@48075da3]" name="changePassword" duration-ms="3489" started-at="2018-03-12T03:27:07Z" data-provider="ChangePassword" finished-at="2018-03-12T03:27:10Z">
          <params>
            <param index="0">
              <value>
                <![CDATA[pharmajusrgis]]>
              </value>
            </param>
            <param index="1">
              <value>
                <![CDATA[phajurgis]]>
              </value>
            </param>
            <param index="2">
              <value>
                <![CDATA[jurgischangepass]]>
              </value>
            </param>
          </params>
          <reporter-output>
          </reporter-output>
        </test-method> <!-- changePassword -->
        <test-method status="PASS" signature="closeBrowser()[pri:0, instance:sps.auto.testai.FR_13@48075da3]" name="closeBrowser" is-config="true" duration-ms="693" started-at="2018-03-12T03:27:10Z" finished-at="2018-03-12T03:27:11Z">
          <reporter-output>
          </reporter-output>
        </test-method> <!-- closeBrowser -->
      </class> <!-- sps.auto.testai.FR_13 -->
    </test> <!-- Default test -->
  </suite> <!-- Default suite -->
</testng-results>
