<?xml version="1.0" encoding="UTF-8"?>
<testng-results skipped="0" failed="0" ignored="0" total="5" passed="5">
  <reporter-output>
  </reporter-output>
  <suite name="Default suite" duration-ms="10134" started-at="2018-03-08T23:57:40Z" finished-at="2018-03-08T23:57:50Z">
    <groups>
    </groups>
    <test name="Default test" duration-ms="10134" started-at="2018-03-08T23:57:40Z" finished-at="2018-03-08T23:57:50Z">
      <class name="sps.auto.testai.fr3">
        <test-method status="PASS" signature="setup()[pri:0, instance:sps.auto.testai.fr3@48bb62]" name="setup" is-config="true" duration-ms="3777" started-at="2018-03-09T01:57:40Z" finished-at="2018-03-09T01:57:44Z">
          <reporter-output>
          </reporter-output>
        </test-method> <!-- setup -->
        <test-method status="PASS" signature="loginAsDoctor()[pri:1, instance:sps.auto.testai.fr3@48bb62]" name="loginAsDoctor" duration-ms="890" started-at="2018-03-09T01:57:44Z" finished-at="2018-03-09T01:57:45Z">
          <reporter-output>
          </reporter-output>
        </test-method> <!-- loginAsDoctor -->
        <test-method status="PASS" signature="addMedicalRecord(java.lang.String, java.lang.String, java.lang.String, java.lang.String, java.lang.String, java.lang.String, java.lang.String)[pri:2, instance:sps.auto.testai.fr3@48bb62]" name="addMedicalRecord" duration-ms="1430" started-at="2018-03-09T01:57:45Z" data-provider="MedicalRecord" finished-at="2018-03-09T01:57:46Z">
          <params>
            <param index="0">
              <value>
                <![CDATA[38201017777]]>
              </value>
            </param>
            <param index="1">
              <value>
                <![CDATA[10 minučių]]>
              </value>
            </param>
            <param index="2">
              <value>
                <![CDATA[P53.14]]>
              </value>
            </param>
            <param index="3">
              <value>
                <![CDATA[Taip]]>
              </value>
            </param>
            <param index="4">
              <value>
                <![CDATA[Nekartotinas]]>
              </value>
            </param>
            <param index="5">
              <value>
                <![CDATA[Petraitis]]>
              </value>
            </param>
            <param index="6">
              <value>
                <![CDATA[Sloga]]>
              </value>
            </param>
          </params>
          <reporter-output>
          </reporter-output>
        </test-method> <!-- addMedicalRecord -->
        <test-method status="PASS" signature="addMedicalRecord(java.lang.String, java.lang.String, java.lang.String, java.lang.String, java.lang.String, java.lang.String, java.lang.String)[pri:2, instance:sps.auto.testai.fr3@48bb62]" name="addMedicalRecord" duration-ms="1346" started-at="2018-03-09T01:57:46Z" data-provider="MedicalRecord" finished-at="2018-03-09T01:57:48Z">
          <params>
            <param index="0">
              <value>
                <![CDATA[38112127414]]>
              </value>
            </param>
            <param index="1">
              <value>
                <![CDATA[20 minučių]]>
              </value>
            </param>
            <param index="2">
              <value>
                <![CDATA[M14.15]]>
              </value>
            </param>
            <param index="3">
              <value>
                <![CDATA[Taip]]>
              </value>
            </param>
            <param index="4">
              <value>
                <![CDATA[Nekartotinas]]>
              </value>
            </param>
            <param index="5">
              <value>
                <![CDATA[Juozaitis]]>
              </value>
            </param>
            <param index="6">
              <value>
                <![CDATA[Galvos skausmas]]>
              </value>
            </param>
          </params>
          <reporter-output>
          </reporter-output>
        </test-method> <!-- addMedicalRecord -->
        <test-method status="PASS" signature="addMedicalRecord(java.lang.String, java.lang.String, java.lang.String, java.lang.String, java.lang.String, java.lang.String, java.lang.String)[pri:2, instance:sps.auto.testai.fr3@48bb62]" name="addMedicalRecord" duration-ms="1101" started-at="2018-03-09T01:57:48Z" data-provider="MedicalRecord" finished-at="2018-03-09T01:57:49Z">
          <params>
            <param index="0">
              <value>
                <![CDATA[37508089988]]>
              </value>
            </param>
            <param index="1">
              <value>
                <![CDATA[30 minučių]]>
              </value>
            </param>
            <param index="2">
              <value>
                <![CDATA[C36.71]]>
              </value>
            </param>
            <param index="3">
              <value>
                <![CDATA[Taip]]>
              </value>
            </param>
            <param index="4">
              <value>
                <![CDATA[Nekartotinas]]>
              </value>
            </param>
            <param index="5">
              <value>
                <![CDATA[Jonaitis]]>
              </value>
            </param>
            <param index="6">
              <value>
                <![CDATA[Kaklo skausmas]]>
              </value>
            </param>
          </params>
          <reporter-output>
          </reporter-output>
        </test-method> <!-- addMedicalRecord -->
        <test-method status="PASS" signature="addMedicalRecord(java.lang.String, java.lang.String, java.lang.String, java.lang.String, java.lang.String, java.lang.String, java.lang.String)[pri:2, instance:sps.auto.testai.fr3@48bb62]" name="addMedicalRecord" duration-ms="1103" started-at="2018-03-09T01:57:49Z" data-provider="MedicalRecord" finished-at="2018-03-09T01:57:50Z">
          <params>
            <param index="0">
              <value>
                <![CDATA[46003037474]]>
              </value>
            </param>
            <param index="1">
              <value>
                <![CDATA[40 minučių]]>
              </value>
            </param>
            <param index="2">
              <value>
                <![CDATA[R77.47]]>
              </value>
            </param>
            <param index="3">
              <value>
                <![CDATA[Taip]]>
              </value>
            </param>
            <param index="4">
              <value>
                <![CDATA[Nekartotinas]]>
              </value>
            </param>
            <param index="5">
              <value>
                <![CDATA[Juozaitis]]>
              </value>
            </param>
            <param index="6">
              <value>
                <![CDATA[Kojos skausmas]]>
              </value>
            </param>
          </params>
          <reporter-output>
          </reporter-output>
        </test-method> <!-- addMedicalRecord -->
        <test-method status="PASS" signature="closeBrowser()[pri:0, instance:sps.auto.testai.fr3@48bb62]" name="closeBrowser" is-config="true" duration-ms="444" started-at="2018-03-09T01:57:50Z" finished-at="2018-03-09T01:57:50Z">
          <reporter-output>
          </reporter-output>
        </test-method> <!-- closeBrowser -->
      </class> <!-- sps.auto.testai.fr3 -->
    </test> <!-- Default test -->
  </suite> <!-- Default suite -->
</testng-results>
